<?xml version="1.0" encoding="UTF-8"?>
<testsuite name="es.egc.app.AppTest" tests="1" skipped="0" failures="0" errors="0" timestamp="2017-01-11T23:06:04" hostname="jossalgon-Aspire" time="0.002">
  <properties/>
  <testcase name="testApp" classname="es.egc.app.AppTest" time="0.002"/>
  <system-out><![CDATA[]]></system-out>
  <system-err><![CDATA[]]></system-err>
</testsuite>
